E170318 14:47:30.270588 73 util/log/clog.go:1017  [config] file created at: 2017/03/18 14:47:30
E170318 14:47:30.270588 73 util/log/clog.go:1017  [config] running on machine: dhcp-206-12-53-114
E170318 14:47:30.270588 73 util/log/clog.go:1017  [config] binary: CockroachDB CCL beta-20170309 (darwin amd64, built 2017/03/14 06:43:47, go1.8)
E170318 14:47:30.270588 73 util/log/clog.go:1017  [config] arguments: [cockroach start --store=hello-1]
E170318 14:47:30.270588 73 util/log/clog.go:1017  line format: [IWEF]yymmdd hh:mm:ss.uuuuuu goid file:line msg utf8=✓
E170318 14:47:30.270587 73 server/status/runtime.go:187  unable to get file descriptor usage (will not try again): not implemented on darwin
E170318 14:57:20.293419 164 storage/queue.go:708  [n1,replicate] 8 replicas failing with "0 of 0 stores with all attributes matching []; likely not enough nodes in cluster"
E170318 15:07:20.291346 164 storage/queue.go:708  [n1,replicate] 8 replicas failing with "0 of 0 stores with all attributes matching []; likely not enough nodes in cluster"
E170318 15:17:20.291268 164 storage/queue.go:708  [n1,replicate] 8 replicas failing with "0 of 0 stores with all attributes matching []; likely not enough nodes in cluster"
E170318 15:27:20.293744 164 storage/queue.go:708  [n1,replicate] 9 replicas failing with "0 of 0 stores with all attributes matching []; likely not enough nodes in cluster"
E170318 15:37:20.294009 164 storage/queue.go:708  [n1,replicate] 9 replicas failing with "0 of 0 stores with all attributes matching []; likely not enough nodes in cluster"
E170318 15:47:20.292992 164 storage/queue.go:708  [n1,replicate] 9 replicas failing with "0 of 0 stores with all attributes matching []; likely not enough nodes in cluster"
E170318 15:57:20.291511 164 storage/queue.go:708  [n1,replicate] 9 replicas failing with "0 of 0 stores with all attributes matching []; likely not enough nodes in cluster"
E170318 16:07:20.292731 164 storage/queue.go:708  [n1,replicate] 9 replicas failing with "0 of 0 stores with all attributes matching []; likely not enough nodes in cluster"
E170318 16:17:20.293082 164 storage/queue.go:708  [n1,replicate] 9 replicas failing with "0 of 0 stores with all attributes matching []; likely not enough nodes in cluster"
E170318 16:27:20.292384 164 storage/queue.go:708  [n1,replicate] 11 replicas failing with "0 of 0 stores with all attributes matching []; likely not enough nodes in cluster"
E170318 16:37:20.290806 164 storage/queue.go:708  [n1,replicate] 11 replicas failing with "0 of 0 stores with all attributes matching []; likely not enough nodes in cluster"
E170318 16:47:20.292313 164 storage/queue.go:708  [n1,replicate] 11 replicas failing with "0 of 0 stores with all attributes matching []; likely not enough nodes in cluster"
E170318 16:57:20.291663 164 storage/queue.go:708  [n1,replicate] 11 replicas failing with "0 of 0 stores with all attributes matching []; likely not enough nodes in cluster"
E170318 17:18:20.012406 164 storage/queue.go:708  [n1,replicate] 11 replicas failing with "0 of 0 stores with all attributes matching []; likely not enough nodes in cluster"
E170318 17:18:20.161009 164 storage/queue.go:628  [replicate,n1,s1,r2/1:/Table/{0-11},@c42035a000] range requires a replication change, but lacks a quorum of live replicas (0/1)
E170318 17:18:20.161038 105 storage/queue.go:628  [replicate,n1,s1,r7/1:/Table/5{0-1},@c420b3ca80] range requires a replication change, but lacks a quorum of live replicas (0/1)
E170318 17:18:20.161090 164 storage/queue.go:628  [replicate,n1,s1,r8/1:/Table/5{1-2},@c420d21500] range requires a replication change, but lacks a quorum of live replicas (0/1)
E170318 17:40:31.014005 164 storage/queue.go:708  [n1,replicate] 11 replicas failing with "0 of 0 stores with all attributes matching []; likely not enough nodes in cluster"
E170318 17:47:20.292589 164 storage/queue.go:708  [n1,replicate] 11 replicas failing with "0 of 0 stores with all attributes matching []; likely not enough nodes in cluster"
E170318 17:57:20.293538 164 storage/queue.go:708  [n1,replicate] 11 replicas failing with "0 of 0 stores with all attributes matching []; likely not enough nodes in cluster"
E170318 18:07:20.292343 164 storage/queue.go:708  [n1,replicate] 11 replicas failing with "0 of 0 stores with all attributes matching []; likely not enough nodes in cluster"
E170318 18:17:20.291189 164 storage/queue.go:708  [n1,replicate] 11 replicas failing with "0 of 0 stores with all attributes matching []; likely not enough nodes in cluster"
E170318 18:27:20.290861 164 storage/queue.go:708  [n1,replicate] 11 replicas failing with "0 of 0 stores with all attributes matching []; likely not enough nodes in cluster"
E170318 18:37:20.290758 164 storage/queue.go:708  [n1,replicate] 11 replicas failing with "0 of 0 stores with all attributes matching []; likely not enough nodes in cluster"
E170318 18:47:20.291824 164 storage/queue.go:708  [n1,replicate] 11 replicas failing with "0 of 0 stores with all attributes matching []; likely not enough nodes in cluster"
E170318 18:57:20.291017 164 storage/queue.go:708  [n1,replicate] 11 replicas failing with "0 of 0 stores with all attributes matching []; likely not enough nodes in cluster"
E170318 19:07:20.291380 164 storage/queue.go:708  [n1,replicate] 11 replicas failing with "0 of 0 stores with all attributes matching []; likely not enough nodes in cluster"
E170318 19:17:20.291567 164 storage/queue.go:708  [n1,replicate] 11 replicas failing with "0 of 0 stores with all attributes matching []; likely not enough nodes in cluster"
E170318 19:27:20.291784 164 storage/queue.go:708  [n1,replicate] 11 replicas failing with "0 of 0 stores with all attributes matching []; likely not enough nodes in cluster"
E170318 19:37:20.293558 164 storage/queue.go:708  [n1,replicate] 11 replicas failing with "0 of 0 stores with all attributes matching []; likely not enough nodes in cluster"
E170318 19:47:20.292226 164 storage/queue.go:708  [n1,replicate] 11 replicas failing with "0 of 0 stores with all attributes matching []; likely not enough nodes in cluster"
E170318 19:57:20.291328 164 storage/queue.go:708  [n1,replicate] 11 replicas failing with "0 of 0 stores with all attributes matching []; likely not enough nodes in cluster"
E170318 20:07:20.314275 164 storage/queue.go:708  [n1,replicate] 11 replicas failing with "0 of 0 stores with all attributes matching []; likely not enough nodes in cluster"
E170318 20:26:17.015152 164 storage/queue.go:708  [n1,replicate] 11 replicas failing with "0 of 0 stores with all attributes matching []; likely not enough nodes in cluster"
E170318 20:26:17.167895 164 storage/queue.go:628  [replicate,n1,s1,r11/1:/{Table/54-Max},@c420176a80] range requires a replication change, but lacks a quorum of live replicas (0/1)
E170318 20:26:17.167948 105 storage/queue.go:628  [replicate,n1,s1,r7/1:/Table/5{0-1},@c420b3ca80] range requires a replication change, but lacks a quorum of live replicas (0/1)
E170318 20:26:17.168011 164 storage/queue.go:628  [replicate,n1,s1,r7/1:/Table/5{0-1},@c420b3ca80] range requires a replication change, but lacks a quorum of live replicas (0/1)
E170318 20:43:41.014590 164 storage/queue.go:708  [n1,replicate] 11 replicas failing with "0 of 0 stores with all attributes matching []; likely not enough nodes in cluster"
E170318 20:47:20.292985 164 storage/queue.go:708  [n1,replicate] 11 replicas failing with "0 of 0 stores with all attributes matching []; likely not enough nodes in cluster"
E170318 20:57:20.292819 164 storage/queue.go:708  [n1,replicate] 11 replicas failing with "0 of 0 stores with all attributes matching []; likely not enough nodes in cluster"
E170318 21:07:20.293524 164 storage/queue.go:708  [n1,replicate] 11 replicas failing with "0 of 0 stores with all attributes matching []; likely not enough nodes in cluster"
E170318 21:17:20.291588 164 storage/queue.go:708  [n1,replicate] 11 replicas failing with "0 of 0 stores with all attributes matching []; likely not enough nodes in cluster"
E170318 21:27:20.291153 164 storage/queue.go:708  [n1,replicate] 11 replicas failing with "0 of 0 stores with all attributes matching []; likely not enough nodes in cluster"
E170318 21:37:20.292613 164 storage/queue.go:708  [n1,replicate] 11 replicas failing with "0 of 0 stores with all attributes matching []; likely not enough nodes in cluster"
E170318 21:47:20.290676 164 storage/queue.go:708  [n1,replicate] 11 replicas failing with "0 of 0 stores with all attributes matching []; likely not enough nodes in cluster"
E170318 21:57:20.293824 164 storage/queue.go:708  [n1,replicate] 11 replicas failing with "0 of 0 stores with all attributes matching []; likely not enough nodes in cluster"
E170318 22:07:20.291387 164 storage/queue.go:708  [n1,replicate] 13 replicas failing with "0 of 0 stores with all attributes matching []; likely not enough nodes in cluster"
E170318 22:17:20.291706 164 storage/queue.go:708  [n1,replicate] 13 replicas failing with "0 of 0 stores with all attributes matching []; likely not enough nodes in cluster"
E170318 22:27:20.293884 164 storage/queue.go:708  [n1,replicate] 13 replicas failing with "0 of 0 stores with all attributes matching []; likely not enough nodes in cluster"
E170318 22:37:20.293350 164 storage/queue.go:708  [n1,replicate] 13 replicas failing with "0 of 0 stores with all attributes matching []; likely not enough nodes in cluster"
E170318 22:47:20.292320 164 storage/queue.go:708  [n1,replicate] 13 replicas failing with "0 of 0 stores with all attributes matching []; likely not enough nodes in cluster"
E170318 22:57:20.293241 164 storage/queue.go:708  [n1,replicate] 13 replicas failing with "0 of 0 stores with all attributes matching []; likely not enough nodes in cluster"
E170318 23:07:20.291612 164 storage/queue.go:708  [n1,replicate] 13 replicas failing with "0 of 0 stores with all attributes matching []; likely not enough nodes in cluster"
E170318 23:19:10.011644 164 storage/queue.go:708  [n1,replicate] 13 replicas failing with "0 of 0 stores with all attributes matching []; likely not enough nodes in cluster"
E170318 23:19:10.180604 164 storage/queue.go:628  [replicate,n1,s1,r7/1:/Table/5{0-1},@c420b3ca80] range requires a replication change, but lacks a quorum of live replicas (0/1)
E170318 23:27:20.293799 164 storage/queue.go:708  [n1,replicate] 13 replicas failing with "0 of 0 stores with all attributes matching []; likely not enough nodes in cluster"
E170318 23:45:42.010088 164 storage/queue.go:708  [n1,replicate] 13 replicas failing with "0 of 0 stores with all attributes matching []; likely not enough nodes in cluster"
E170318 23:45:42.163850 164 storage/queue.go:628  [replicate,n1,s1,r9/1:/Table/5{2-3},@c420176700] range requires a replication change, but lacks a quorum of live replicas (0/1)
E170318 23:45:42.163931 164 storage/queue.go:628  [replicate,n1,s1,r7/1:/Table/5{0-1},@c420b3ca80] range requires a replication change, but lacks a quorum of live replicas (0/1)
E170318 23:48:14.014105 164 storage/queue.go:708  [n1,replicate] 13 replicas failing with "0 of 0 stores with all attributes matching []; likely not enough nodes in cluster"
E170318 23:57:20.291516 164 storage/queue.go:708  [n1,replicate] 13 replicas failing with "0 of 0 stores with all attributes matching []; likely not enough nodes in cluster"
E170319 00:07:20.290888 164 storage/queue.go:708  [n1,replicate] 13 replicas failing with "0 of 0 stores with all attributes matching []; likely not enough nodes in cluster"
E170319 00:17:20.291876 164 storage/queue.go:708  [n1,replicate] 13 replicas failing with "0 of 0 stores with all attributes matching []; likely not enough nodes in cluster"
E170319 00:27:20.291722 164 storage/queue.go:708  [n1,replicate] 13 replicas failing with "0 of 0 stores with all attributes matching []; likely not enough nodes in cluster"
